[0618/212734.865:ERROR:process_memory_win.cc(73)] ReadMemory at 0x7ff659c80000 of 64 bytes failed: Only part of a ReadProcessMemory or WriteProcessMemory request was completed. (0x12B)
[0618/212734.866:WARNING:pe_image_reader.cc(340)] could not read dos header from C:\Program Files (x86)\Google\Chrome\Application\chrome.exe
[0618/212734.866:ERROR:process_memory_win.cc(73)] ReadMemory at 0x12e70b836f0 of 72 bytes failed: Only part of a ReadProcessMemory or WriteProcessMemory request was completed. (0x12B)
[0618/212734.866:WARNING:pe_image_annotations_reader.cc(134)] could not read annotations list object in C:\Program Files (x86)\Google\Chrome\Application\83.0.4103.106\chrome_elf.dll
[0618/212734.867:ERROR:process_memory_win.cc(73)] ReadMemory at 0x7ffdc5190000 of 64 bytes failed: Only part of a ReadProcessMemory or WriteProcessMemory request was completed. (0x12B)
[0618/212735.302:WARNING:pe_image_reader.cc(340)] could not read dos header from C:\Program Files (x86)\Google\Chrome\Application\83.0.4103.106\chrome.dll
[0618/212735.302:ERROR:process_memory_win.cc(73)] ReadMemory at 0x7ffe4b3e0000 of 64 bytes failed: Only part of a ReadProcessMemory or WriteProcessMemory request was completed. (0x12B)
[0618/212735.302:WARNING:pe_image_reader.cc(340)] could not read dos header from C:\WINDOWS\System32\WS2_32.dll
[0618/212735.302:ERROR:process_memory_win.cc(73)] ReadMemory at 0x7ffe4be10000 of 64 bytes failed: Only part of a ReadProcessMemory or WriteProcessMemory request was completed. (0x12B)
[0618/212735.302:WARNING:pe_image_reader.cc(340)] could not read dos header from C:\WINDOWS\System32\OLEAUT32.dll
[0618/212735.302:ERROR:process_memory_win.cc(73)] ReadMemory at 0x7ffe4a110000 of 64 bytes failed: Only part of a ReadProcessMemory or WriteProcessMemory request was completed. (0x12B)
[0618/212735.302:WARNING:pe_image_reader.cc(340)] could not read dos header from C:\WINDOWS\System32\msvcp_win.dll
[0618/212735.302:ERROR:process_memory_win.cc(73)] ReadMemory at 0x7ffe49230000 of 64 bytes failed: Only part of a ReadProcessMemory or WriteProcessMemory request was completed. (0x12B)
[0618/212735.302:WARNING:pe_image_reader.cc(340)] could not read dos header from C:\WINDOWS\System32\ucrtbase.dll
[0618/212735.302:ERROR:process_memory_win.cc(73)] ReadMemory at 0x7ffe4aae0000 of 64 bytes failed: Only part of a ReadProcessMemory or WriteProcessMemory request was completed. (0x12B)
[0618/212735.302:WARNING:pe_image_reader.cc(340)] could not read dos header from C:\WINDOWS\System32\combase.dll
[0618/212735.302:ERROR:process_memory_win.cc(73)] ReadMemory at 0x7ffe49f60000 of 64 bytes failed: Only part of a ReadProcessMemory or WriteProcessMemory request was completed. (0x12B)
[0618/212735.302:WARNING:pe_image_reader.cc(340)] could not read dos header from C:\WINDOWS\System32\WINTRUST.dll
[0618/212735.302:ERROR:process_memory_win.cc(73)] ReadMemory at 0x7ffe49070000 of 64 bytes failed: Only part of a ReadProcessMemory or WriteProcessMemory request was completed. (0x12B)
[0618/212735.302:WARNING:pe_image_reader.cc(340)] could not read dos header from C:\WINDOWS\System32\MSASN1.dll
[0618/212735.302:ERROR:process_memory_win.cc(73)] ReadMemory at 0x7ffe49fc0000 of 64 bytes failed: Only part of a ReadProcessMemory or WriteProcessMemory request was completed. (0x12B)
[0618/212735.302:WARNING:pe_image_reader.cc(340)] could not read dos header from C:\WINDOWS\System32\CRYPT32.dll
[0618/212735.302:ERROR:process_memory_win.cc(73)] ReadMemory at 0x7ffe48540000 of 64 bytes failed: Only part of a ReadProcessMemory or WriteProcessMemory request was completed. (0x12B)
[0618/212735.302:WARNING:pe_image_reader.cc(340)] could not read dos header from C:\WINDOWS\SYSTEM32\IPHLPAPI.DLL
[0618/212735.306:ERROR:process_memory_win.cc(73)] ReadMemory at 0x7ffe46c50000 of 64 bytes failed: Only part of a ReadProcessMemory or WriteProcessMemory request was completed. (0x12B)
[0618/212735.306:WARNING:pe_image_reader.cc(340)] could not read dos header from C:\WINDOWS\SYSTEM32\WINMM.dll
[0618/212735.306:ERROR:process_memory_win.cc(73)] ReadMemory at 0x7ffe2f9e0000 of 64 bytes failed: Only part of a ReadProcessMemory or WriteProcessMemory request was completed. (0x12B)
[0618/212735.306:WARNING:pe_image_reader.cc(340)] could not read dos header from C:\WINDOWS\SYSTEM32\Secur32.dll
[0618/212735.306:ERROR:process_memory_win.cc(73)] ReadMemory at 0x7ffe48ee0000 of 64 bytes failed: Only part of a ReadProcessMemory or WriteProcessMemory request was completed. (0x12B)
[0618/212735.306:WARNING:pe_image_reader.cc(340)] could not read dos header from C:\WINDOWS\SYSTEM32\USERENV.dll
[0618/212735.306:ERROR:process_memory_win.cc(73)] ReadMemory at 0x7ffe49040000 of 64 bytes failed: Only part of a ReadProcessMemory or WriteProcessMemory request was completed. (0x12B)
[0618/212735.306:WARNING:pe_image_reader.cc(340)] could not read dos header from C:\WINDOWS\System32\profapi.dll
[0618/212735.306:ERROR:process_memory_win.cc(73)] ReadMemory at 0x7ffe21110000 of 64 bytes failed: Only part of a ReadProcessMemory or WriteProcessMemory request was completed. (0x12B)
[0618/212735.306:WARNING:pe_image_reader.cc(340)] could not read dos header from C:\WINDOWS\SYSTEM32\UIAutomationCore.DLL
[0618/212735.306:ERROR:process_memory_win.cc(73)] ReadMemory at 0x7ffe37a10000 of 64 bytes failed: Only part of a ReadProcessMemory or WriteProcessMemory request was completed. (0x12B)
[0618/212735.306:WARNING:pe_image_reader.cc(340)] could not read dos header from C:\WINDOWS\SYSTEM32\DWrite.dll
[0618/212735.306:ERROR:process_memory_win.cc(73)] ReadMemory at 0x7ffe3aca0000 of 64 bytes failed: Only part of a ReadProcessMemory or WriteProcessMemory request was completed. (0x12B)
[0618/212735.308:WARNING:pe_image_reader.cc(340)] could not read dos header from C:\WINDOWS\SYSTEM32\WINSPOOL.DRV
[0618/212735.308:ERROR:process_memory_win.cc(73)] ReadMemory at 0x7ffe48fd0000 of 64 bytes failed: Only part of a ReadProcessMemory or WriteProcessMemory request was completed. (0x12B)
[0618/212735.308:WARNING:pe_image_reader.cc(340)] could not read dos header from C:\WINDOWS\System32\kernel.appcore.dll
[0618/212735.308:ERROR:process_memory_win.cc(73)] ReadMemory at 0x7ffe49e80000 of 64 bytes failed: Only part of a ReadProcessMemory or WriteProcessMemory request was completed. (0x12B)
[0618/212735.308:WARNING:pe_image_reader.cc(340)] could not read dos header from C:\WINDOWS\System32\bcrypt.dll
[0618/212735.308:ERROR:process_memory_win.cc(73)] ReadMemory at 0x7ffe478e0000 of 64 bytes failed: Only part of a ReadProcessMemory or WriteProcessMemory request was completed. (0x12B)
[0618/212735.308:WARNING:pe_image_reader.cc(340)] could not read dos header from C:\WINDOWS\SYSTEM32\dbghelp.dll
[0618/212735.308:ERROR:process_memory_win.cc(73)] ReadMemory at 0x7ffe36250000 of 64 bytes failed: Only part of a ReadProcessMemory or WriteProcessMemory request was completed. (0x12B)
[0618/212735.308:WARNING:pe_image_reader.cc(340)] could not read dos header from C:\WINDOWS\SYSTEM32\WINHTTP.dll
[0618/212735.308:ERROR:process_memory_win.cc(73)] ReadMemory at 0x7ffe3ebd0000 of 64 bytes failed: Only part of a ReadProcessMemory or WriteProcessMemory request was completed. (0x12B)
[0618/212735.308:WARNING:pe_image_reader.cc(340)] could not read dos header from C:\WINDOWS\SYSTEM32\dhcpcsvc.DLL
[0618/212735.308:ERROR:process_memory_win.cc(73)] ReadMemory at 0x7ffe4a2b0000 of 64 bytes failed: Only part of a ReadProcessMemory or WriteProcessMemory request was completed. (0x12B)
[0618/212735.309:WARNING:pe_image_reader.cc(340)] could not read dos header from C:\WINDOWS\System32\NSI.dll
[0618/212735.309:ERROR:process_memory_win.cc(73)] ReadMemory at 0x7ffe46bd0000 of 64 bytes failed: Only part of a ReadProcessMemory or WriteProcessMemory request was completed. (0x12B)
[0618/212735.309:WARNING:pe_image_reader.cc(340)] could not read dos header from C:\WINDOWS\SYSTEM32\WINMMBASE.dll
[0618/212735.309:ERROR:process_memory_win.cc(73)] ReadMemory at 0x7ffe49b60000 of 64 bytes failed: Only part of a ReadProcessMemory or WriteProcessMemory request was completed. (0x12B)
[0618/212735.309:WARNING:pe_image_reader.cc(340)] could not read dos header from C:\WINDOWS\System32\cfgmgr32.dll
[0618/212735.309:ERROR:process_memory_win.cc(73)] ReadMemory at 0x7ffe45570000 of 64 bytes failed: Only part of a ReadProcessMemory or WriteProcessMemory request was completed. (0x12B)
[0618/212735.309:WARNING:pe_image_reader.cc(340)] could not read dos header from C:\WINDOWS\SYSTEM32\PROPSYS.dll
[0618/212735.309:ERROR:process_memory_win.cc(73)] ReadMemory at 0x7ffe4b330000 of 64 bytes failed: Only part of a ReadProcessMemory or WriteProcessMemory request was completed. (0x12B)
[0618/212735.309:WARNING:pe_image_reader.cc(340)] could not read dos header from C:\WINDOWS\System32\shcore.dll
[0618/212735.309:ERROR:process_memory_win.cc(73)] ReadMemory at 0x7ffe48eb0000 of 64 bytes failed: Only part of a ReadProcessMemory or WriteProcessMemory request was completed. (0x12B)
[0618/212735.309:WARNING:pe_image_reader.cc(340)] could not read dos header from C:\WINDOWS\SYSTEM32\SSPICLI.DLL
[0618/212735.309:ERROR:process_memory_win.cc(73)] ReadMemory at 0x7ffe4b5f0000 of 64 bytes failed: Only part of a ReadProcessMemory or WriteProcessMemory request was completed. (0x12B)
[0618/212735.309:WARNING:pe_image_reader.cc(340)] could not read dos header from C:\WINDOWS\System32\SHELL32.dll
[0618/212735.309:ERROR:process_memory_win.cc(73)] ReadMemory at 0x7ffe493e0000 of 64 bytes failed: Only part of a ReadProcessMemory or WriteProcessMemory request was completed. (0x12B)
[0618/212735.309:WARNING:pe_image_reader.cc(340)] could not read dos header from C:\WINDOWS\System32\windows.storage.dll
[0618/212735.309:ERROR:process_memory_win.cc(73)] ReadMemory at 0x7ffe48ff0000 of 64 bytes failed: Only part of a ReadProcessMemory or WriteProcessMemory request was completed. (0x12B)
[0618/212735.309:WARNING:pe_image_reader.cc(340)] could not read dos header from C:\WINDOWS\System32\powrprof.dll
[0618/212735.309:ERROR:process_memory_win.cc(73)] ReadMemory at 0x7ffe48fc0000 of 64 bytes failed: Only part of a ReadProcessMemory or WriteProcessMemory request was completed. (0x12B)
[0618/212735.309:WARNING:pe_image_reader.cc(340)] could not read dos header from C:\WINDOWS\System32\UMPDC.dll
[0618/212735.309:ERROR:process_memory_win.cc(73)] ReadMemory at 0x7ffe4bf80000 of 64 bytes failed: Only part of a ReadProcessMemory or WriteProcessMemory request was completed. (0x12B)
[0618/212735.309:WARNING:pe_image_reader.cc(340)] could not read dos header from C:\WINDOWS\System32\shlwapi.dll
[0618/212735.310:ERROR:process_memory_win.cc(73)] ReadMemory at 0x7ffe4a280000 of 64 bytes failed: Only part of a ReadProcessMemory or WriteProcessMemory request was completed. (0x12B)
[0618/212735.310:WARNING:pe_image_reader.cc(340)] could not read dos header from C:\WINDOWS\System32\GDI32.dll
[0618/212735.310:ERROR:process_memory_win.cc(73)] ReadMemory at 0x7ffe49f30000 of 64 bytes failed: Only part of a ReadProcessMemory or WriteProcessMemory request was completed. (0x12B)
[0618/212735.310:WARNING:pe_image_reader.cc(340)] could not read dos header from C:\WINDOWS\System32\win32u.dll
[0618/212735.311:ERROR:process_memory_win.cc(73)] ReadMemory at 0x7ffe49090000 of 64 bytes failed: Only part of a ReadProcessMemory or WriteProcessMemory request was completed. (0x12B)
[0618/212735.311:WARNING:pe_image_reader.cc(340)] could not read dos header from C:\WINDOWS\System32\gdi32full.dll
[0618/212735.311:ERROR:process_memory_win.cc(73)] ReadMemory at 0x7ffe4b450000 of 64 bytes failed: Only part of a ReadProcessMemory or WriteProcessMemory request was completed. (0x12B)
[0618/212735.311:WARNING:pe_image_reader.cc(340)] could not read dos header from C:\WINDOWS\System32\USER32.dll
[0618/212735.311:ERROR:process_memory_win.cc(73)] ReadMemory at 0x7ffe49e60000 of 64 bytes failed: Only part of a ReadProcessMemory or WriteProcessMemory request was completed. (0x12B)
[0618/212735.311:WARNING:pe_image_reader.cc(340)] could not read dos header from C:\WINDOWS\System32\cryptsp.dll
[0618/212735.311:ERROR:process_memory_win.cc(73)] ReadMemory at 0x7ffe4bfe0000 of 64 bytes failed: Only part of a ReadProcessMemory or WriteProcessMemory request was completed. (0x12B)
[0618/212735.311:WARNING:pe_image_reader.cc(340)] could not read dos header from C:\WINDOWS\System32\IMM32.DLL
[0618/212735.311:ERROR:process_memory_win.cc(73)] ReadMemory at 0x7ffe48a00000 of 64 bytes failed: Only part of a ReadProcessMemory or WriteProcessMemory request was completed. (0x12B)
[0618/212735.311:WARNING:pe_image_reader.cc(340)] could not read dos header from C:\WINDOWS\SYSTEM32\CRYPTBASE.DLL
[0618/212735.311:ERROR:process_memory_win.cc(73)] ReadMemory at 0x7ff659c80000 of 64 bytes failed: Only part of a ReadProcessMemory or WriteProcessMemory request was completed. (0x12B)
[0618/212735.311:WARNING:pe_image_reader.cc(340)] could not read dos header from C:\Program Files (x86)\Google\Chrome\Application\chrome.exe
[0618/212735.312:ERROR:process_memory_win.cc(73)] ReadMemory at 0x7ffe4c100000 of 64 bytes failed: Only part of a ReadProcessMemory or WriteProcessMemory request was completed. (0x12B)
[0618/212735.312:WARNING:pe_image_reader.cc(340)] could not read dos header from C:\WINDOWS\SYSTEM32\ntdll.dll
[0618/212735.312:ERROR:process_memory_win.cc(73)] ReadMemory at 0x7ffe4b1f0000 of 64 bytes failed: Only part of a ReadProcessMemory or WriteProcessMemory request was completed. (0x12B)
[0618/212735.312:WARNING:pe_image_reader.cc(340)] could not read dos header from C:\WINDOWS\System32\KERNEL32.DLL
[0618/212735.312:ERROR:process_memory_win.cc(73)] ReadMemory at 0x7ffe49bb0000 of 64 bytes failed: Only part of a ReadProcessMemory or WriteProcessMemory request was completed. (0x12B)
[0618/212735.312:WARNING:pe_image_reader.cc(340)] could not read dos header from C:\WINDOWS\System32\KERNELBASE.dll
[0618/212735.312:ERROR:process_memory_win.cc(73)] ReadMemory at 0x7ffdeada0000 of 64 bytes failed: Only part of a ReadProcessMemory or WriteProcessMemory request was completed. (0x12B)
[0618/212735.312:WARNING:pe_image_reader.cc(340)] could not read dos header from C:\Program Files (x86)\Google\Chrome\Application\83.0.4103.106\chrome_elf.dll
[0618/212735.312:ERROR:process_memory_win.cc(73)] ReadMemory at 0x7ffe40140000 of 64 bytes failed: Only part of a ReadProcessMemory or WriteProcessMemory request was completed. (0x12B)
[0618/212735.312:WARNING:pe_image_reader.cc(340)] could not read dos header from C:\WINDOWS\SYSTEM32\VERSION.dll
[0618/212735.312:ERROR:process_memory_win.cc(73)] ReadMemory at 0x7ffe4bee0000 of 64 bytes failed: Only part of a ReadProcessMemory or WriteProcessMemory request was completed. (0x12B)
[0618/212735.312:WARNING:pe_image_reader.cc(340)] could not read dos header from C:\WINDOWS\System32\msvcrt.dll
[0618/212735.312:ERROR:process_memory_win.cc(73)] ReadMemory at 0x7ffe49eb0000 of 64 bytes failed: Only part of a ReadProcessMemory or WriteProcessMemory request was completed. (0x12B)
[0618/212735.312:WARNING:pe_image_reader.cc(340)] could not read dos header from C:\WINDOWS\System32\bcryptPrimitives.dll
[0618/212735.312:ERROR:process_memory_win.cc(73)] ReadMemory at 0x7ffe4ae20000 of 64 bytes failed: Only part of a ReadProcessMemory or WriteProcessMemory request was completed. (0x12B)
[0618/212735.312:WARNING:pe_image_reader.cc(340)] could not read dos header from C:\WINDOWS\System32\ADVAPI32.dll
[0618/212735.312:ERROR:process_memory_win.cc(73)] ReadMemory at 0x7ffe4bce0000 of 64 bytes failed: Only part of a ReadProcessMemory or WriteProcessMemory request was completed. (0x12B)
[0618/212735.312:WARNING:pe_image_reader.cc(340)] could not read dos header from C:\WINDOWS\System32\sechost.dll
[0618/212735.312:ERROR:process_memory_win.cc(73)] ReadMemory at 0x7ffe4a790000 of 64 bytes failed: Only part of a ReadProcessMemory or WriteProcessMemory request was completed. (0x12B)
[0618/212735.312:WARNING:pe_image_reader.cc(340)] could not read dos header from C:\WINDOWS\System32\RPCRT4.dll
[0618/212735.314:ERROR:process_memory_win.cc(73)] ReadMemory at 0x7ffdc5190000 of 64 bytes failed: Only part of a ReadProcessMemory or WriteProcessMemory request was completed. (0x12B)
[0618/212735.314:WARNING:pe_image_reader.cc(340)] could not read dos header from C:\Program Files (x86)\Google\Chrome\Application\83.0.4103.106\chrome.dll
[0618/212735.314:ERROR:process_memory_win.cc(73)] ReadMemory at 0x7ffe4b3e0000 of 64 bytes failed: Only part of a ReadProcessMemory or WriteProcessMemory request was completed. (0x12B)
[0618/212735.314:WARNING:pe_image_reader.cc(340)] could not read dos header from C:\WINDOWS\System32\WS2_32.dll
[0618/212735.314:ERROR:process_memory_win.cc(73)] ReadMemory at 0x7ffe4be10000 of 64 bytes failed: Only part of a ReadProcessMemory or WriteProcessMemory request was completed. (0x12B)
[0618/212735.314:WARNING:pe_image_reader.cc(340)] could not read dos header from C:\WINDOWS\System32\OLEAUT32.dll
[0618/212735.314:ERROR:process_memory_win.cc(73)] ReadMemory at 0x7ffe4a110000 of 64 bytes failed: Only part of a ReadProcessMemory or WriteProcessMemory request was completed. (0x12B)
[0618/212735.314:WARNING:pe_image_reader.cc(340)] could not read dos header from C:\WINDOWS\System32\msvcp_win.dll
[0618/212735.314:ERROR:process_memory_win.cc(73)] ReadMemory at 0x7ffe49230000 of 64 bytes failed: Only part of a ReadProcessMemory or WriteProcessMemory request was completed. (0x12B)
[0618/212735.314:WARNING:pe_image_reader.cc(340)] could not read dos header from C:\WINDOWS\System32\ucrtbase.dll
[0618/212735.314:ERROR:process_memory_win.cc(73)] ReadMemory at 0x7ffe4aae0000 of 64 bytes failed: Only part of a ReadProcessMemory or WriteProcessMemory request was completed. (0x12B)
[0618/212735.314:WARNING:pe_image_reader.cc(340)] could not read dos header from C:\WINDOWS\System32\combase.dll
[0618/212735.315:ERROR:process_memory_win.cc(73)] ReadMemory at 0x7ffe49f60000 of 64 bytes failed: Only part of a ReadProcessMemory or WriteProcessMemory request was completed. (0x12B)
[0618/212735.315:WARNING:pe_image_reader.cc(340)] could not read dos header from C:\WINDOWS\System32\WINTRUST.dll
[0618/212735.315:ERROR:process_memory_win.cc(73)] ReadMemory at 0x7ffe49070000 of 64 bytes failed: Only part of a ReadProcessMemory or WriteProcessMemory request was completed. (0x12B)
[0618/212735.315:WARNING:pe_image_reader.cc(340)] could not read dos header from C:\WINDOWS\System32\MSASN1.dll
[0618/212735.315:ERROR:process_memory_win.cc(73)] ReadMemory at 0x7ffe49fc0000 of 64 bytes failed: Only part of a ReadProcessMemory or WriteProcessMemory request was completed. (0x12B)
[0618/212735.315:WARNING:pe_image_reader.cc(340)] could not read dos header from C:\WINDOWS\System32\CRYPT32.dll
[0618/212735.315:ERROR:process_memory_win.cc(73)] ReadMemory at 0x7ffe48540000 of 64 bytes failed: Only part of a ReadProcessMemory or WriteProcessMemory request was completed. (0x12B)
[0618/212735.315:WARNING:pe_image_reader.cc(340)] could not read dos header from C:\WINDOWS\SYSTEM32\IPHLPAPI.DLL
[0618/212735.315:ERROR:process_memory_win.cc(73)] ReadMemory at 0x7ffe46c50000 of 64 bytes failed: Only part of a ReadProcessMemory or WriteProcessMemory request was completed. (0x12B)
[0618/212735.315:WARNING:pe_image_reader.cc(340)] could not read dos header from C:\WINDOWS\SYSTEM32\WINMM.dll
[0618/212735.315:ERROR:process_memory_win.cc(73)] ReadMemory at 0x7ffe2f9e0000 of 64 bytes failed: Only part of a ReadProcessMemory or WriteProcessMemory request was completed. (0x12B)
[0618/212735.315:WARNING:pe_image_reader.cc(340)] could not read dos header from C:\WINDOWS\SYSTEM32\Secur32.dll
[0618/212735.316:ERROR:process_memory_win.cc(73)] ReadMemory at 0x7ffe48ee0000 of 64 bytes failed: Only part of a ReadProcessMemory or WriteProcessMemory request was completed. (0x12B)
[0618/212735.316:WARNING:pe_image_reader.cc(340)] could not read dos header from C:\WINDOWS\SYSTEM32\USERENV.dll
[0618/212735.316:ERROR:process_memory_win.cc(73)] ReadMemory at 0x7ffe49040000 of 64 bytes failed: Only part of a ReadProcessMemory or WriteProcessMemory request was completed. (0x12B)
[0618/212735.316:WARNING:pe_image_reader.cc(340)] could not read dos header from C:\WINDOWS\System32\profapi.dll
[0618/212735.316:ERROR:process_memory_win.cc(73)] ReadMemory at 0x7ffe21110000 of 64 bytes failed: Only part of a ReadProcessMemory or WriteProcessMemory request was completed. (0x12B)
[0618/212735.316:WARNING:pe_image_reader.cc(340)] could not read dos header from C:\WINDOWS\SYSTEM32\UIAutomationCore.DLL
[0618/212735.316:ERROR:process_memory_win.cc(73)] ReadMemory at 0x7ffe37a10000 of 64 bytes failed: Only part of a ReadProcessMemory or WriteProcessMemory request was completed. (0x12B)
[0618/212735.316:WARNING:pe_image_reader.cc(340)] could not read dos header from C:\WINDOWS\SYSTEM32\DWrite.dll
[0618/212735.316:ERROR:process_memory_win.cc(73)] ReadMemory at 0x7ffe3aca0000 of 64 bytes failed: Only part of a ReadProcessMemory or WriteProcessMemory request was completed. (0x12B)
[0618/212735.316:WARNING:pe_image_reader.cc(340)] could not read dos header from C:\WINDOWS\SYSTEM32\WINSPOOL.DRV
[0618/212735.316:ERROR:process_memory_win.cc(73)] ReadMemory at 0x7ffe48fd0000 of 64 bytes failed: Only part of a ReadProcessMemory or WriteProcessMemory request was completed. (0x12B)
[0618/212735.316:WARNING:pe_image_reader.cc(340)] could not read dos header from C:\WINDOWS\System32\kernel.appcore.dll
[0618/212735.317:ERROR:process_memory_win.cc(73)] ReadMemory at 0x7ffe49e80000 of 64 bytes failed: Only part of a ReadProcessMemory or WriteProcessMemory request was completed. (0x12B)
[0618/212735.317:WARNING:pe_image_reader.cc(340)] could not read dos header from C:\WINDOWS\System32\bcrypt.dll
[0618/212735.317:ERROR:process_memory_win.cc(73)] ReadMemory at 0x7ffe478e0000 of 64 bytes failed: Only part of a ReadProcessMemory or WriteProcessMemory request was completed. (0x12B)
[0618/212735.317:WARNING:pe_image_reader.cc(340)] could not read dos header from C:\WINDOWS\SYSTEM32\dbghelp.dll
[0618/212735.317:ERROR:process_memory_win.cc(73)] ReadMemory at 0x7ffe36250000 of 64 bytes failed: Only part of a ReadProcessMemory or WriteProcessMemory request was completed. (0x12B)
[0618/212735.317:WARNING:pe_image_reader.cc(340)] could not read dos header from C:\WINDOWS\SYSTEM32\WINHTTP.dll
[0618/212735.317:ERROR:process_memory_win.cc(73)] ReadMemory at 0x7ffe3ebd0000 of 64 bytes failed: Only part of a ReadProcessMemory or WriteProcessMemory request was completed. (0x12B)
[0618/212735.317:WARNING:pe_image_reader.cc(340)] could not read dos header from C:\WINDOWS\SYSTEM32\dhcpcsvc.DLL
[0618/212735.317:ERROR:process_memory_win.cc(73)] ReadMemory at 0x7ffe4a2b0000 of 64 bytes failed: Only part of a ReadProcessMemory or WriteProcessMemory request was completed. (0x12B)
[0618/212735.317:WARNING:pe_image_reader.cc(340)] could not read dos header from C:\WINDOWS\System32\NSI.dll
[0618/212735.317:ERROR:process_memory_win.cc(73)] ReadMemory at 0x7ffe46bd0000 of 64 bytes failed: Only part of a ReadProcessMemory or WriteProcessMemory request was completed. (0x12B)
[0618/212735.317:WARNING:pe_image_reader.cc(340)] could not read dos header from C:\WINDOWS\SYSTEM32\WINMMBASE.dll
[0618/212735.317:ERROR:process_memory_win.cc(73)] ReadMemory at 0x7ffe49b60000 of 64 bytes failed: Only part of a ReadProcessMemory or WriteProcessMemory request was completed. (0x12B)
[0618/212735.317:WARNING:pe_image_reader.cc(340)] could not read dos header from C:\WINDOWS\System32\cfgmgr32.dll
[0618/212735.317:ERROR:process_memory_win.cc(73)] ReadMemory at 0x7ffe45570000 of 64 bytes failed: Only part of a ReadProcessMemory or WriteProcessMemory request was completed. (0x12B)
[0618/212735.317:WARNING:pe_image_reader.cc(340)] could not read dos header from C:\WINDOWS\SYSTEM32\PROPSYS.dll
[0618/212735.317:ERROR:process_memory_win.cc(73)] ReadMemory at 0x7ffe4b330000 of 64 bytes failed: Only part of a ReadProcessMemory or WriteProcessMemory request was completed. (0x12B)
[0618/212735.317:WARNING:pe_image_reader.cc(340)] could not read dos header from C:\WINDOWS\System32\shcore.dll
[0618/212735.317:ERROR:process_memory_win.cc(73)] ReadMemory at 0x7ffe48eb0000 of 64 bytes failed: Only part of a ReadProcessMemory or WriteProcessMemory request was completed. (0x12B)
[0618/212735.317:WARNING:pe_image_reader.cc(340)] could not read dos header from C:\WINDOWS\SYSTEM32\SSPICLI.DLL
[0618/212735.317:ERROR:process_memory_win.cc(73)] ReadMemory at 0x7ffe4b5f0000 of 64 bytes failed: Only part of a ReadProcessMemory or WriteProcessMemory request was completed. (0x12B)
[0618/212735.317:WARNING:pe_image_reader.cc(340)] could not read dos header from C:\WINDOWS\System32\SHELL32.dll
[0618/212735.317:ERROR:process_memory_win.cc(73)] ReadMemory at 0x7ffe493e0000 of 64 bytes failed: Only part of a ReadProcessMemory or WriteProcessMemory request was completed. (0x12B)
[0618/212735.317:WARNING:pe_image_reader.cc(340)] could not read dos header from C:\WINDOWS\System32\windows.storage.dll
[0618/212735.317:ERROR:process_memory_win.cc(73)] ReadMemory at 0x7ffe48ff0000 of 64 bytes failed: Only part of a ReadProcessMemory or WriteProcessMemory request was completed. (0x12B)
[0618/212735.317:WARNING:pe_image_reader.cc(340)] could not read dos header from C:\WINDOWS\System32\powrprof.dll
[0618/212735.317:ERROR:process_memory_win.cc(73)] ReadMemory at 0x7ffe48fc0000 of 64 bytes failed: Only part of a ReadProcessMemory or WriteProcessMemory request was completed. (0x12B)
[0618/212735.317:WARNING:pe_image_reader.cc(340)] could not read dos header from C:\WINDOWS\System32\UMPDC.dll
[0618/212735.319:ERROR:process_memory_win.cc(73)] ReadMemory at 0x7ffe4bf80000 of 64 bytes failed: Only part of a ReadProcessMemory or WriteProcessMemory request was completed. (0x12B)
[0618/212735.319:WARNING:pe_image_reader.cc(340)] could not read dos header from C:\WINDOWS\System32\shlwapi.dll
[0618/212735.319:ERROR:process_memory_win.cc(73)] ReadMemory at 0x7ffe4a280000 of 64 bytes failed: Only part of a ReadProcessMemory or WriteProcessMemory request was completed. (0x12B)
[0618/212735.319:WARNING:pe_image_reader.cc(340)] could not read dos header from C:\WINDOWS\System32\GDI32.dll
[0618/212735.319:ERROR:process_memory_win.cc(73)] ReadMemory at 0x7ffe49f30000 of 64 bytes failed: Only part of a ReadProcessMemory or WriteProcessMemory request was completed. (0x12B)
[0618/212735.319:WARNING:pe_image_reader.cc(340)] could not read dos header from C:\WINDOWS\System32\win32u.dll
[0618/212735.319:ERROR:process_memory_win.cc(73)] ReadMemory at 0x7ffe49090000 of 64 bytes failed: Only part of a ReadProcessMemory or WriteProcessMemory request was completed. (0x12B)
[0618/212735.319:WARNING:pe_image_reader.cc(340)] could not read dos header from C:\WINDOWS\System32\gdi32full.dll
[0618/212735.319:ERROR:process_memory_win.cc(73)] ReadMemory at 0x7ffe4b450000 of 64 bytes failed: Only part of a ReadProcessMemory or WriteProcessMemory request was completed. (0x12B)
[0618/212735.319:WARNING:pe_image_reader.cc(340)] could not read dos header from C:\WINDOWS\System32\USER32.dll
[0618/212735.320:ERROR:process_memory_win.cc(73)] ReadMemory at 0x7ffe49e60000 of 64 bytes failed: Only part of a ReadProcessMemory or WriteProcessMemory request was completed. (0x12B)
[0618/212735.320:WARNING:pe_image_reader.cc(340)] could not read dos header from C:\WINDOWS\System32\cryptsp.dll
[0618/212735.320:ERROR:process_memory_win.cc(73)] ReadMemory at 0x7ffe4bfe0000 of 64 bytes failed: Only part of a ReadProcessMemory or WriteProcessMemory request was completed. (0x12B)
[0618/212735.320:WARNING:pe_image_reader.cc(340)] could not read dos header from C:\WINDOWS\System32\IMM32.DLL
[0618/212735.320:ERROR:process_memory_win.cc(73)] ReadMemory at 0x7ffe48a00000 of 64 bytes failed: Only part of a ReadProcessMemory or WriteProcessMemory request was completed. (0x12B)
[0618/212735.320:WARNING:pe_image_reader.cc(340)] could not read dos header from C:\WINDOWS\SYSTEM32\CRYPTBASE.DLL
[0618/212735.346:ERROR:process_memory_win.cc(73)] ReadMemory at 0x15a5ff5000 of 45056 bytes failed: Only part of a ReadProcessMemory or WriteProcessMemory request was completed. (0x12B)
[0618/212735.347:ERROR:process_memory_win.cc(73)] ReadMemory at 0x15a67fd000 of 12288 bytes failed: Only part of a ReadProcessMemory or WriteProcessMemory request was completed. (0x12B)
[0618/212735.347:ERROR:process_memory_win.cc(73)] ReadMemory at 0x15a6ff5000 of 45056 bytes failed: Only part of a ReadProcessMemory or WriteProcessMemory request was completed. (0x12B)
[0618/212735.347:ERROR:process_memory_win.cc(73)] ReadMemory at 0x15a77fd000 of 12288 bytes failed: Only part of a ReadProcessMemory or WriteProcessMemory request was completed. (0x12B)
[0618/212735.347:ERROR:process_memory_win.cc(73)] ReadMemory at 0x15a7ffc000 of 16384 bytes failed: Only part of a ReadProcessMemory or WriteProcessMemory request was completed. (0x12B)
[0618/212735.348:ERROR:process_memory_win.cc(73)] ReadMemory at 0x15a87ff000 of 4096 bytes failed: Only part of a ReadProcessMemory or WriteProcessMemory request was completed. (0x12B)
[0618/212735.348:ERROR:process_memory_win.cc(73)] ReadMemory at 0x15a8ffd000 of 12288 bytes failed: Only part of a ReadProcessMemory or WriteProcessMemory request was completed. (0x12B)
[0618/212735.348:ERROR:process_memory_win.cc(73)] ReadMemory at 0x15a97fb000 of 20480 bytes failed: Only part of a ReadProcessMemory or WriteProcessMemory request was completed. (0x12B)
[0618/212735.348:ERROR:process_memory_win.cc(73)] ReadMemory at 0x15a9ffb000 of 20480 bytes failed: Only part of a ReadProcessMemory or WriteProcessMemory request was completed. (0x12B)
[0618/212735.349:ERROR:process_memory_win.cc(73)] ReadMemory at 0x15aa7f6000 of 40960 bytes failed: Only part of a ReadProcessMemory or WriteProcessMemory request was completed. (0x12B)
[0618/212735.349:ERROR:process_memory_win.cc(73)] ReadMemory at 0x15aaffd000 of 12288 bytes failed: Only part of a ReadProcessMemory or WriteProcessMemory request was completed. (0x12B)
[0618/212735.350:ERROR:process_memory_win.cc(73)] ReadMemory at 0x15ab7fd000 of 12288 bytes failed: Only part of a ReadProcessMemory or WriteProcessMemory request was completed. (0x12B)
[0618/212735.350:ERROR:process_memory_win.cc(73)] ReadMemory at 0x15abffd000 of 12288 bytes failed: Only part of a ReadProcessMemory or WriteProcessMemory request was completed. (0x12B)
[0618/212735.350:ERROR:process_memory_win.cc(73)] ReadMemory at 0x15ac7fd000 of 12288 bytes failed: Only part of a ReadProcessMemory or WriteProcessMemory request was completed. (0x12B)
[0618/212735.350:ERROR:process_memory_win.cc(73)] ReadMemory at 0x15acffc000 of 16384 bytes failed: Only part of a ReadProcessMemory or WriteProcessMemory request was completed. (0x12B)
[0618/212735.351:ERROR:process_memory_win.cc(73)] ReadMemory at 0x15a56e4000 of 852 bytes failed: Only part of a ReadProcessMemory or WriteProcessMemory request was completed. (0x12B)
[0618/212735.351:ERROR:process_memory_win.cc(73)] ReadMemory at 0x15a56e5000 of 6024 bytes failed: Only part of a ReadProcessMemory or WriteProcessMemory request was completed. (0x12B)
[0618/212735.351:ERROR:process_memory_win.cc(73)] ReadMemory at 0x15a56e7000 of 6024 bytes failed: Only part of a ReadProcessMemory or WriteProcessMemory request was completed. (0x12B)
[0618/212735.351:ERROR:process_memory_win.cc(73)] ReadMemory at 0x15a56e9000 of 6024 bytes failed: Only part of a ReadProcessMemory or WriteProcessMemory request was completed. (0x12B)
[0618/212735.351:ERROR:process_memory_win.cc(73)] ReadMemory at 0x15a56eb000 of 6024 bytes failed: Only part of a ReadProcessMemory or WriteProcessMemory request was completed. (0x12B)
[0618/212735.351:ERROR:process_memory_win.cc(73)] ReadMemory at 0x15a56ed000 of 6024 bytes failed: Only part of a ReadProcessMemory or WriteProcessMemory request was completed. (0x12B)
[0618/212735.351:ERROR:process_memory_win.cc(73)] ReadMemory at 0x15a56ef000 of 6024 bytes failed: Only part of a ReadProcessMemory or WriteProcessMemory request was completed. (0x12B)
[0618/212735.352:ERROR:process_memory_win.cc(73)] ReadMemory at 0x15a56f1000 of 6024 bytes failed: Only part of a ReadProcessMemory or WriteProcessMemory request was completed. (0x12B)
[0618/212735.352:ERROR:process_memory_win.cc(73)] ReadMemory at 0x15a56f3000 of 6024 bytes failed: Only part of a ReadProcessMemory or WriteProcessMemory request was completed. (0x12B)
[0618/212735.352:ERROR:process_memory_win.cc(73)] ReadMemory at 0x15a56f5000 of 6024 bytes failed: Only part of a ReadProcessMemory or WriteProcessMemory request was completed. (0x12B)
[0618/212735.352:ERROR:process_memory_win.cc(73)] ReadMemory at 0x15a56f7000 of 6024 bytes failed: Only part of a ReadProcessMemory or WriteProcessMemory request was completed. (0x12B)
[0618/212735.352:ERROR:process_memory_win.cc(73)] ReadMemory at 0x15a56f9000 of 6024 bytes failed: Only part of a ReadProcessMemory or WriteProcessMemory request was completed. (0x12B)
[0618/212735.353:ERROR:process_memory_win.cc(73)] ReadMemory at 0x15a56fb000 of 6024 bytes failed: Only part of a ReadProcessMemory or WriteProcessMemory request was completed. (0x12B)
[0618/212735.353:ERROR:process_memory_win.cc(73)] ReadMemory at 0x15a56fd000 of 6024 bytes failed: Only part of a ReadProcessMemory or WriteProcessMemory request was completed. (0x12B)
[0618/212735.353:ERROR:process_memory_win.cc(73)] ReadMemory at 0x15a56ff000 of 6024 bytes failed: Only part of a ReadProcessMemory or WriteProcessMemory request was completed. (0x12B)
[0618/212735.353:ERROR:process_memory_win.cc(73)] ReadMemory at 0x15a5701000 of 6024 bytes failed: Only part of a ReadProcessMemory or WriteProcessMemory request was completed. (0x12B)
[0618/212735.353:ERROR:process_memory_win.cc(73)] ReadMemory at 0x12e70790fe0 of 5382 bytes failed: Only part of a ReadProcessMemory or WriteProcessMemory request was completed. (0x12B)
[0618/212735.353:ERROR:process_memory_win.cc(73)] ReadMemory at 0x12e707924f0 of 1012 bytes failed: Only part of a ReadProcessMemory or WriteProcessMemory request was completed. (0x12B)
[0618/212735.353:ERROR:process_memory_win.cc(73)] ReadMemory at 0x12e70792b38 of 118 bytes failed: Only part of a ReadProcessMemory or WriteProcessMemory request was completed. (0x12B)
[0618/212735.354:ERROR:process_memory_win.cc(73)] ReadMemory at 0x12e70792bb0 of 1274 bytes failed: Only part of a ReadProcessMemory or WriteProcessMemory request was completed. (0x12B)
[0618/212735.354:ERROR:process_memory_win.cc(73)] ReadMemory at 0x12e707930ac of 118 bytes failed: Only part of a ReadProcessMemory or WriteProcessMemory request was completed. (0x12B)
[0618/212735.354:ERROR:process_memory_win.cc(73)] ReadMemory at 0x12e70793124 of 96 bytes failed: Only part of a ReadProcessMemory or WriteProcessMemory request was completed. (0x12B)
[0618/212735.354:ERROR:process_memory_win.cc(73)] ReadMemory at 0x12e70793190 of 58 bytes failed: Only part of a ReadProcessMemory or WriteProcessMemory request was completed. (0x12B)
[0618/212735.354:ERROR:process_memory_win.cc(73)] ReadMemory at 0x12e70793290 of 132 bytes failed: Only part of a ReadProcessMemory or WriteProcessMemory request was completed. (0x12B)
[0618/212735.354:ERROR:process_memory_win.cc(73)] ReadMemory at 0x12e70793420 of 132 bytes failed: Only part of a ReadProcessMemory or WriteProcessMemory request was completed. (0x12B)
[0618/212735.355:ERROR:process_memory_win.cc(73)] ReadMemory at 0x12e707935e0 of 126 bytes failed: Only part of a ReadProcessMemory or WriteProcessMemory request was completed. (0x12B)
[0618/212735.355:ERROR:process_memory_win.cc(73)] ReadMemory at 0x12e707939c0 of 132 bytes failed: Only part of a ReadProcessMemory or WriteProcessMemory request was completed. (0x12B)
[0618/212735.355:ERROR:process_memory_win.cc(73)] ReadMemory at 0x12e70793b50 of 64 bytes failed: Only part of a ReadProcessMemory or WriteProcessMemory request was completed. (0x12B)
[0618/212735.355:ERROR:process_memory_win.cc(73)] ReadMemory at 0x12e70793ba0 of 132 bytes failed: Only part of a ReadProcessMemory or WriteProcessMemory request was completed. (0x12B)
[0618/212735.355:ERROR:process_memory_win.cc(73)] ReadMemory at 0x12e70793d10 of 132 bytes failed: Only part of a ReadProcessMemory or WriteProcessMemory request was completed. (0x12B)
[0618/212735.355:ERROR:process_memory_win.cc(73)] ReadMemory at 0x12e70793fb0 of 132 bytes failed: Only part of a ReadProcessMemory or WriteProcessMemory request was completed. (0x12B)
[0618/212735.355:ERROR:process_memory_win.cc(73)] ReadMemory at 0x12e70794140 of 68 bytes failed: Only part of a ReadProcessMemory or WriteProcessMemory request was completed. (0x12B)
[0618/212735.355:ERROR:process_memory_win.cc(73)] ReadMemory at 0x12e70795230 of 146 bytes failed: Only part of a ReadProcessMemory or WriteProcessMemory request was completed. (0x12B)
[0618/212735.355:ERROR:process_memory_win.cc(73)] ReadMemory at 0x12e70795310 of 132 bytes failed: Only part of a ReadProcessMemory or WriteProcessMemory request was completed. (0x12B)
[0618/212735.355:ERROR:process_memory_win.cc(73)] ReadMemory at 0x12e707954a0 of 154 bytes failed: Only part of a ReadProcessMemory or WriteProcessMemory request was completed. (0x12B)
[0618/212735.357:ERROR:process_memory_win.cc(73)] ReadMemory at 0x12e70796290 of 132 bytes failed: Only part of a ReadProcessMemory or WriteProcessMemory request was completed. (0x12B)
[0618/212735.357:ERROR:process_memory_win.cc(73)] ReadMemory at 0x12e70796ce0 of 62 bytes failed: Only part of a ReadProcessMemory or WriteProcessMemory request was completed. (0x12B)
[0618/212735.357:ERROR:process_memory_win.cc(73)] ReadMemory at 0x12e70796ed0 of 60 bytes failed: Only part of a ReadProcessMemory or WriteProcessMemory request was completed. (0x12B)
[0618/212735.357:ERROR:process_memory_win.cc(73)] ReadMemory at 0x12e7079a1e0 of 132 bytes failed: Only part of a ReadProcessMemory or WriteProcessMemory request was completed. (0x12B)
[0618/212735.358:ERROR:process_memory_win.cc(73)] ReadMemory at 0x12e7079ad60 of 132 bytes failed: Only part of a ReadProcessMemory or WriteProcessMemory request was completed. (0x12B)
[0618/212735.358:ERROR:process_memory_win.cc(73)] ReadMemory at 0x12e7079af70 of 132 bytes failed: Only part of a ReadProcessMemory or WriteProcessMemory request was completed. (0x12B)
[0618/212735.358:ERROR:process_memory_win.cc(73)] ReadMemory at 0x12e7079b450 of 132 bytes failed: Only part of a ReadProcessMemory or WriteProcessMemory request was completed. (0x12B)
[0618/212735.358:ERROR:process_memory_win.cc(73)] ReadMemory at 0x12e7079b5e0 of 80 bytes failed: Only part of a ReadProcessMemory or WriteProcessMemory request was completed. (0x12B)
[0618/212735.358:ERROR:process_memory_win.cc(73)] ReadMemory at 0x12e7079b7a0 of 60 bytes failed: Only part of a ReadProcessMemory or WriteProcessMemory request was completed. (0x12B)
[0618/212735.358:ERROR:process_memory_win.cc(73)] ReadMemory at 0x12e7079b7f0 of 64 bytes failed: Only part of a ReadProcessMemory or WriteProcessMemory request was completed. (0x12B)
[0618/212735.359:ERROR:process_memory_win.cc(73)] ReadMemory at 0x12e7079b840 of 60 bytes failed: Only part of a ReadProcessMemory or WriteProcessMemory request was completed. (0x12B)
[0618/212735.359:ERROR:process_memory_win.cc(73)] ReadMemory at 0x12e7079b980 of 64 bytes failed: Only part of a ReadProcessMemory or WriteProcessMemory request was completed. (0x12B)
[0618/212735.359:ERROR:process_memory_win.cc(73)] ReadMemory at 0x12e7079b9d0 of 62 bytes failed: Only part of a ReadProcessMemory or WriteProcessMemory request was completed. (0x12B)
[0618/212735.359:ERROR:process_memory_win.cc(73)] ReadMemory at 0x12e7079bbb0 of 66 bytes failed: Only part of a ReadProcessMemory or WriteProcessMemory request was completed. (0x12B)
[0618/212735.359:ERROR:process_memory_win.cc(73)] ReadMemory at 0x12e7079bc00 of 64 bytes failed: Only part of a ReadProcessMemory or WriteProcessMemory request was completed. (0x12B)
[0618/212735.359:ERROR:process_memory_win.cc(73)] ReadMemory at 0x12e7079bc50 of 62 bytes failed: Only part of a ReadProcessMemory or WriteProcessMemory request was completed. (0x12B)
[0618/212735.359:ERROR:process_memory_win.cc(73)] ReadMemory at 0x12e7079bd90 of 64 bytes failed: Only part of a ReadProcessMemory or WriteProcessMemory request was completed. (0x12B)
[0618/212735.359:ERROR:process_memory_win.cc(73)] ReadMemory at 0x12e7079bf10 of 132 bytes failed: Only part of a ReadProcessMemory or WriteProcessMemory request was completed. (0x12B)
[0618/212735.359:ERROR:process_memory_win.cc(73)] ReadMemory at 0x12e7079c040 of 132 bytes failed: Only part of a ReadProcessMemory or WriteProcessMemory request was completed. (0x12B)
[0618/212735.359:ERROR:process_memory_win.cc(73)] ReadMemory at 0x12e7079c170 of 132 bytes failed: Only part of a ReadProcessMemory or WriteProcessMemory request was completed. (0x12B)
[0618/212735.359:ERROR:process_memory_win.cc(73)] ReadMemory at 0x12e7079c3d0 of 132 bytes failed: Only part of a ReadProcessMemory or WriteProcessMemory request was completed. (0x12B)
[0618/212735.359:ERROR:process_memory_win.cc(73)] ReadMemory at 0x12e7079c500 of 132 bytes failed: Only part of a ReadProcessMemory or WriteProcessMemory request was completed. (0x12B)
[0618/212735.359:ERROR:process_memory_win.cc(73)] ReadMemory at 0x12e7079c630 of 132 bytes failed: Only part of a ReadProcessMemory or WriteProcessMemory request was completed. (0x12B)
[0618/212735.359:ERROR:process_memory_win.cc(73)] ReadMemory at 0x12e7079c760 of 132 bytes failed: Only part of a ReadProcessMemory or WriteProcessMemory request was completed. (0x12B)
[0618/212735.359:ERROR:process_memory_win.cc(73)] ReadMemory at 0x12e7079c890 of 132 bytes failed: Only part of a ReadProcessMemory or WriteProcessMemory request was completed. (0x12B)
[0618/212735.359:ERROR:process_memory_win.cc(73)] ReadMemory at 0x12e7079c9c0 of 132 bytes failed: Only part of a ReadProcessMemory or WriteProcessMemory request was completed. (0x12B)
[0618/212735.359:ERROR:process_memory_win.cc(73)] ReadMemory at 0x12e7079caf0 of 132 bytes failed: Only part of a ReadProcessMemory or WriteProcessMemory request was completed. (0x12B)
[0618/212735.359:ERROR:process_memory_win.cc(73)] ReadMemory at 0x12e7079cc20 of 132 bytes failed: Only part of a ReadProcessMemory or WriteProcessMemory request was completed. (0x12B)
[0618/212735.359:ERROR:process_memory_win.cc(73)] ReadMemory at 0x12e7079cd50 of 132 bytes failed: Only part of a ReadProcessMemory or WriteProcessMemory request was completed. (0x12B)
[0618/212735.359:ERROR:process_memory_win.cc(73)] ReadMemory at 0x12e7079f5d0 of 132 bytes failed: Only part of a ReadProcessMemory or WriteProcessMemory request was completed. (0x12B)
[0618/212735.359:ERROR:process_memory_win.cc(73)] ReadMemory at 0x12e707a0760 of 132 bytes failed: Only part of a ReadProcessMemory or WriteProcessMemory request was completed. (0x12B)
[0618/212735.359:ERROR:process_memory_win.cc(73)] ReadMemory at 0x12e707a0980 of 132 bytes failed: Only part of a ReadProcessMemory or WriteProcessMemory request was completed. (0x12B)
[0618/212735.359:ERROR:process_memory_win.cc(73)] ReadMemory at 0x12e707a1db0 of 54 bytes failed: Only part of a ReadProcessMemory or WriteProcessMemory request was completed. (0x12B)
[0618/212735.359:ERROR:process_memory_win.cc(73)] ReadMemory at 0x12e707a32e0 of 132 bytes failed: Only part of a ReadProcessMemory or WriteProcessMemory request was completed. (0x12B)
[0618/212735.359:ERROR:process_memory_win.cc(73)] ReadMemory at 0x12e707a4e70 of 132 bytes failed: Only part of a ReadProcessMemory or WriteProcessMemory request was completed. (0x12B)
[0618/212735.359:ERROR:process_memory_win.cc(73)] ReadMemory at 0x12e707a5d10 of 78 bytes failed: Only part of a ReadProcessMemory or WriteProcessMemory request was completed. (0x12B)
[0618/212735.363:ERROR:process_memory_win.cc(73)] ReadMemory at 0x12e707a5d70 of 80 bytes failed: Only part of a ReadProcessMemory or WriteProcessMemory request was completed. (0x12B)
[0618/212735.363:ERROR:process_memory_win.cc(73)] ReadMemory at 0x12e707a5e90 of 76 bytes failed: Only part of a ReadProcessMemory or WriteProcessMemory request was completed. (0x12B)
[0618/212735.363:ERROR:process_memory_win.cc(73)] ReadMemory at 0x12e707a60a0 of 64 bytes failed: Only part of a ReadProcessMemory or WriteProcessMemory request was completed. (0x12B)
[0618/212735.363:ERROR:process_memory_win.cc(73)] ReadMemory at 0x12e707a6230 of 62 bytes failed: Only part of a ReadProcessMemory or WriteProcessMemory request was completed. (0x12B)
[0618/212735.363:ERROR:process_memory_win.cc(73)] ReadMemory at 0x12e707a6280 of 60 bytes failed: Only part of a ReadProcessMemory or WriteProcessMemory request was completed. (0x12B)
[0618/212735.363:ERROR:process_memory_win.cc(73)] ReadMemory at 0x12e707a62d0 of 64 bytes failed: Only part of a ReadProcessMemory or WriteProcessMemory request was completed. (0x12B)
[0618/212735.363:ERROR:process_memory_win.cc(73)] ReadMemory at 0x12e707a63c0 of 62 bytes failed: Only part of a ReadProcessMemory or WriteProcessMemory request was completed. (0x12B)
[0618/212735.363:ERROR:process_memory_win.cc(73)] ReadMemory at 0x12e707a6500 of 64 bytes failed: Only part of a ReadProcessMemory or WriteProcessMemory request was completed. (0x12B)
[0618/212735.363:ERROR:process_memory_win.cc(73)] ReadMemory at 0x12e707a6550 of 66 bytes failed: Only part of a ReadProcessMemory or WriteProcessMemory request was completed. (0x12B)
[0618/212735.364:ERROR:process_memory_win.cc(73)] ReadMemory at 0x12e707a65a0 of 64 bytes failed: Only part of a ReadProcessMemory or WriteProcessMemory request was completed. (0x12B)
[0618/212735.364:ERROR:process_memory_win.cc(73)] ReadMemory at 0x12e707a65f0 of 62 bytes failed: Only part of a ReadProcessMemory or WriteProcessMemory request was completed. (0x12B)
[0618/212735.365:ERROR:process_memory_win.cc(73)] ReadMemory at 0x12e707a6690 of 62 bytes failed: Only part of a ReadProcessMemory or WriteProcessMemory request was completed. (0x12B)
[0618/212735.365:ERROR:process_memory_win.cc(73)] ReadMemory at 0x12e707a6780 of 62 bytes failed: Only part of a ReadProcessMemory or WriteProcessMemory request was completed. (0x12B)
[0618/212735.365:ERROR:process_memory_win.cc(73)] ReadMemory at 0x12e707a6910 of 64 bytes failed: Only part of a ReadProcessMemory or WriteProcessMemory request was completed. (0x12B)
[0618/212735.365:ERROR:process_memory_win.cc(73)] ReadMemory at 0x12e707a69b0 of 62 bytes failed: Only part of a ReadProcessMemory or WriteProcessMemory request was completed. (0x12B)
[0618/212735.366:ERROR:process_memory_win.cc(73)] ReadMemory at 0x12e707a6a00 of 62 bytes failed: Only part of a ReadProcessMemory or WriteProcessMemory request was completed. (0x12B)
[0618/212735.366:ERROR:process_memory_win.cc(73)] ReadMemory at 0x12e707a6a50 of 60 bytes failed: Only part of a ReadProcessMemory or WriteProcessMemory request was completed. (0x12B)
[0618/212735.366:ERROR:process_memory_win.cc(73)] ReadMemory at 0x12e707a6af0 of 62 bytes failed: Only part of a ReadProcessMemory or WriteProcessMemory request was completed. (0x12B)
[0618/212735.366:ERROR:process_memory_win.cc(73)] ReadMemory at 0x12e707a6b90 of 58 bytes failed: Only part of a ReadProcessMemory or WriteProcessMemory request was completed. (0x12B)
[0618/212735.366:ERROR:process_memory_win.cc(73)] ReadMemory at 0x12e707a6cd0 of 60 bytes failed: Only part of a ReadProcessMemory or WriteProcessMemory request was completed. (0x12B)
[0618/212735.366:ERROR:process_memory_win.cc(73)] ReadMemory at 0x12e707a6d20 of 62 bytes failed: Only part of a ReadProcessMemory or WriteProcessMemory request was completed. (0x12B)
[0618/212735.366:ERROR:process_memory_win.cc(73)] ReadMemory at 0x12e707a6f50 of 60 bytes failed: Only part of a ReadProcessMemory or WriteProcessMemory request was completed. (0x12B)
[0618/212735.366:ERROR:process_memory_win.cc(73)] ReadMemory at 0x12e707a7020 of 132 bytes failed: Only part of a ReadProcessMemory or WriteProcessMemory request was completed. (0x12B)
[0618/212735.366:ERROR:process_memory_win.cc(73)] ReadMemory at 0x12e707a7150 of 132 bytes failed: Only part of a ReadProcessMemory or WriteProcessMemory request was completed. (0x12B)
[0618/212735.366:ERROR:process_memory_win.cc(73)] ReadMemory at 0x12e707a7280 of 132 bytes failed: Only part of a ReadProcessMemory or WriteProcessMemory request was completed. (0x12B)
[0618/212735.366:ERROR:process_memory_win.cc(73)] ReadMemory at 0x12e707a73b0 of 132 bytes failed: Only part of a ReadProcessMemory or WriteProcessMemory request was completed. (0x12B)
[0618/212735.366:ERROR:process_memory_win.cc(73)] ReadMemory at 0x12e707a7610 of 132 bytes failed: Only part of a ReadProcessMemory or WriteProcessMemory request was completed. (0x12B)
[0618/212735.366:ERROR:process_memory_win.cc(73)] ReadMemory at 0x12e707a7740 of 132 bytes failed: Only part of a ReadProcessMemory or WriteProcessMemory request was completed. (0x12B)
[0618/212735.366:ERROR:process_memory_win.cc(73)] ReadMemory at 0x12e707a7870 of 132 bytes failed: Only part of a ReadProcessMemory or WriteProcessMemory request was completed. (0x12B)
[0618/212735.366:ERROR:process_memory_win.cc(73)] ReadMemory at 0x12e707a7c00 of 132 bytes failed: Only part of a ReadProcessMemory or WriteProcessMemory request was completed. (0x12B)
[0618/212735.366:ERROR:process_memory_win.cc(73)] ReadMemory at 0x12e707a7d30 of 132 bytes failed: Only part of a ReadProcessMemory or WriteProcessMemory request was completed. (0x12B)
[0618/212735.366:ERROR:process_memory_win.cc(73)] ReadMemory at 0x12e707a7e60 of 132 bytes failed: Only part of a ReadProcessMemory or WriteProcessMemory request was completed. (0x12B)
[0618/212735.366:ERROR:process_memory_win.cc(73)] ReadMemory at 0x12e707a7f90 of 132 bytes failed: Only part of a ReadProcessMemory or WriteProcessMemory request was completed. (0x12B)
[0618/212735.366:ERROR:process_memory_win.cc(73)] ReadMemory at 0x12e707a80c0 of 132 bytes failed: Only part of a ReadProcessMemory or WriteProcessMemory request was completed. (0x12B)
[0618/212735.366:ERROR:process_memory_win.cc(73)] ReadMemory at 0x12e707a81f0 of 132 bytes failed: Only part of a ReadProcessMemory or WriteProcessMemory request was completed. (0x12B)
[0618/212735.366:ERROR:process_memory_win.cc(73)] ReadMemory at 0x12e707a8320 of 132 bytes failed: Only part of a ReadProcessMemory or WriteProcessMemory request was completed. (0x12B)
[0618/212735.366:ERROR:process_memory_win.cc(73)] ReadMemory at 0x12e707a8580 of 132 bytes failed: Only part of a ReadProcessMemory or WriteProcessMemory request was completed. (0x12B)
[0618/212735.366:ERROR:process_memory_win.cc(73)] ReadMemory at 0x12e707a87e0 of 132 bytes failed: Only part of a ReadProcessMemory or WriteProcessMemory request was completed. (0x12B)
[0618/212735.366:ERROR:process_memory_win.cc(73)] ReadMemory at 0x12e707a8910 of 132 bytes failed: Only part of a ReadProcessMemory or WriteProcessMemory request was completed. (0x12B)
[0618/212735.366:ERROR:process_memory_win.cc(73)] ReadMemory at 0x12e707a8a40 of 132 bytes failed: Only part of a ReadProcessMemory or WriteProcessMemory request was completed. (0x12B)
[0618/212735.370:ERROR:process_memory_win.cc(73)] ReadMemory at 0x12e707a8b70 of 132 bytes failed: Only part of a ReadProcessMemory or WriteProcessMemory request was completed. (0x12B)
[0618/212735.370:ERROR:process_memory_win.cc(73)] ReadMemory at 0x12e707a8ca0 of 132 bytes failed: Only part of a ReadProcessMemory or WriteProcessMemory request was completed. (0x12B)
[0618/212735.370:ERROR:process_memory_win.cc(73)] ReadMemory at 0x12e707a8dd0 of 132 bytes failed: Only part of a ReadProcessMemory or WriteProcessMemory request was completed. (0x12B)
[0618/212735.370:ERROR:process_memory_win.cc(73)] ReadMemory at 0x12e707bcc40 of 58 bytes failed: Only part of a ReadProcessMemory or WriteProcessMemory request was completed. (0x12B)
[0618/212735.370:ERROR:process_memory_win.cc(73)] ReadMemory at 0x12e707bcec0 of 60 bytes failed: Only part of a ReadProcessMemory or WriteProcessMemory request was completed. (0x12B)
[0618/212735.370:ERROR:process_memory_win.cc(73)] ReadMemory at 0x12e707bcfb0 of 66 bytes failed: Only part of a ReadProcessMemory or WriteProcessMemory request was completed. (0x12B)
[0618/212735.371:ERROR:process_memory_win.cc(73)] ReadMemory at 0x12e707bd050 of 62 bytes failed: Only part of a ReadProcessMemory or WriteProcessMemory request was completed. (0x12B)
[0618/212735.371:ERROR:process_memory_win.cc(73)] ReadMemory at 0x12e707bd7d0 of 62 bytes failed: Only part of a ReadProcessMemory or WriteProcessMemory request was completed. (0x12B)
[0618/212735.371:ERROR:process_memory_win.cc(73)] ReadMemory at 0x12e707bd820 of 60 bytes failed: Only part of a ReadProcessMemory or WriteProcessMemory request was completed. (0x12B)
[0618/212735.371:ERROR:process_memory_win.cc(73)] ReadMemory at 0x12e707bd870 of 58 bytes failed: Only part of a ReadProcessMemory or WriteProcessMemory request was completed. (0x12B)
[0618/212735.371:ERROR:process_memory_win.cc(73)] ReadMemory at 0x12e707bd8c0 of 58 bytes failed: Only part of a ReadProcessMemory or WriteProcessMemory request was completed. (0x12B)
[0618/212735.371:ERROR:process_memory_win.cc(73)] ReadMemory at 0x12e707c02c0 of 512 bytes failed: Only part of a ReadProcessMemory or WriteProcessMemory request was completed. (0x12B)
[0618/212735.371:ERROR:process_memory_win.cc(73)] ReadMemory at 0x12e707cc6c0 of 512 bytes failed: Only part of a ReadProcessMemory or WriteProcessMemory request was completed. (0x12B)
[0618/212735.371:ERROR:process_memory_win.cc(73)] ReadMemory at 0x12e70a113c0 of 512 bytes failed: Only part of a ReadProcessMemory or WriteProcessMemory request was completed. (0x12B)
[0618/212735.371:ERROR:process_memory_win.cc(73)] ReadMemory at 0x12e70a11600 of 512 bytes failed: Only part of a ReadProcessMemory or WriteProcessMemory request was completed. (0x12B)
[0618/212735.371:ERROR:process_memory_win.cc(73)] ReadMemory at 0x12e7100d990 of 712 bytes failed: Only part of a ReadProcessMemory or WriteProcessMemory request was completed. (0x12B)
[0618/212735.371:ERROR:process_memory_win.cc(73)] ReadMemory at 0x12e71016fe0 of 512 bytes failed: Only part of a ReadProcessMemory or WriteProcessMemory request was completed. (0x12B)
[0618/212735.371:ERROR:process_memory_win.cc(73)] ReadMemory at 0x12e710511f0 of 512 bytes failed: Only part of a ReadProcessMemory or WriteProcessMemory request was completed. (0x12B)
[0618/212735.371:ERROR:process_memory_win.cc(73)] ReadMemory at 0x12e71058aa8 of 512 bytes failed: Only part of a ReadProcessMemory or WriteProcessMemory request was completed. (0x12B)
[0618/212735.373:ERROR:process_memory_win.cc(73)] ReadMemory at 0x12e7107ad60 of 512 bytes failed: Only part of a ReadProcessMemory or WriteProcessMemory request was completed. (0x12B)
[0618/212735.373:ERROR:process_memory_win.cc(73)] ReadMemory at 0x12e72820000 of 384 bytes failed: Only part of a ReadProcessMemory or WriteProcessMemory request was completed. (0x12B)
[0618/212735.373:ERROR:process_memory_win.cc(73)] ReadMemory at 0x12e72864b20 of 512 bytes failed: Only part of a ReadProcessMemory or WriteProcessMemory request was completed. (0x12B)
[0618/212735.373:ERROR:process_memory_win.cc(73)] ReadMemory at 0x12e72903220 of 520 bytes failed: Only part of a ReadProcessMemory or WriteProcessMemory request was completed. (0x12B)
[0618/212735.373:ERROR:process_memory_win.cc(73)] ReadMemory at 0x12e72d945d0 of 512 bytes failed: Only part of a ReadProcessMemory or WriteProcessMemory request was completed. (0x12B)
[0618/212735.374:ERROR:process_memory_win.cc(73)] ReadMemory at 0x7ffdc55c398e of 512 bytes failed: Only part of a ReadProcessMemory or WriteProcessMemory request was completed. (0x12B)
[0618/212735.374:ERROR:process_memory_win.cc(73)] ReadMemory at 0x7ffdc757a128 of 512 bytes failed: Only part of a ReadProcessMemory or WriteProcessMemory request was completed. (0x12B)
[0618/212735.374:ERROR:process_memory_win.cc(73)] ReadMemory at 0x7ffdc7918cdc of 512 bytes failed: Only part of a ReadProcessMemory or WriteProcessMemory request was completed. (0x12B)
[0618/212735.374:ERROR:process_memory_win.cc(73)] ReadMemory at 0x7ffdcba2ba08 of 512 bytes failed: Only part of a ReadProcessMemory or WriteProcessMemory request was completed. (0x12B)
[0618/212735.374:ERROR:process_memory_win.cc(73)] ReadMemory at 0x7ffdcbe5bca8 of 512 bytes failed: Only part of a ReadProcessMemory or WriteProcessMemory request was completed. (0x12B)
[0618/212735.374:ERROR:process_memory_win.cc(73)] ReadMemory at 0x7ffdcca9a568 of 512 bytes failed: Only part of a ReadProcessMemory or WriteProcessMemory request was completed. (0x12B)
[0618/212735.374:ERROR:process_memory_win.cc(73)] ReadMemory at 0x7ffe49e1c6e0 of 512 bytes failed: Only part of a ReadProcessMemory or WriteProcessMemory request was completed. (0x12B)
[0618/212735.374:ERROR:process_memory_win.cc(73)] ReadMemory at 0x7ffe4c19c074 of 672 bytes failed: Only part of a ReadProcessMemory or WriteProcessMemory request was completed. (0x12B)
[0618/212735.374:ERROR:process_memory_win.cc(73)] ReadMemory at 0x7ffe4c19c674 of 512 bytes failed: Only part of a ReadProcessMemory or WriteProcessMemory request was completed. (0x12B)
[0618/212735.374:ERROR:process_memory_win.cc(73)] ReadMemory at 0x7ffe4c19f924 of 608 bytes failed: Only part of a ReadProcessMemory or WriteProcessMemory request was completed. (0x12B)
[0618/212735.374:ERROR:process_memory_win.cc(73)] ReadMemory at 0x7ffe4c22c428 of 18 bytes failed: Only part of a ReadProcessMemory or WriteProcessMemory request was completed. (0x12B)
[0618/212735.374:ERROR:process_memory_win.cc(73)] ReadMemory at 0x7ffe4c25f4f8 of 40 bytes failed: Only part of a ReadProcessMemory or WriteProcessMemory request was completed. (0x12B)
[0618/212735.374:ERROR:process_memory_win.cc(73)] ReadMemory at 0x7ffe4c25f978 of 48 bytes failed: Only part of a ReadProcessMemory or WriteProcessMemory request was completed. (0x12B)
[0618/212735.374:ERROR:process_memory_win.cc(73)] ReadMemory at 0x7ffe4c2653c0 of 64 bytes failed: Only part of a ReadProcessMemory or WriteProcessMemory request was completed. (0x12B)
[0618/212735.379:ERROR:scoped_process_suspend.cc(40)] NtResumeProcess: An attempt was made to access an exiting process. (0xc000010a)
